--- Starting Full Evaluation Pipeline for Run: 'combined' | Exp ID: 11 ---
--- Console output logged to: output_temp/output-2G-1BC_combined/exp-11/output.log ---

Scanning data from dataset: 'gypsum_single_hole' (Material: gypsum)

Scanning data from dataset: 'gypsum_single_hole2' (Material: gypsum)

Scanning data from dataset: 'brick_cladding_single_hole' (Material: brick_cladding)

Scanning data from dataset: 'brick_cladding_two_holes' (Material: brick_cladding)

Total UNIQUE VIDEO samples loaded: 77
Sample counts per material:
 material
gypsum            47
brick_cladding    30
Name: count, dtype: int64

Creating hold-out set from 77 ORIGINAL video samples.
  Created hold-out set (16 ORIGINAL samples). Using 61 for development.
Extracting Features (Dev Set):   0%|                                                                                           | 0/61 [00:00<?, ?it/s]Extracting Features (Dev Set):   0%|                                                                                           | 0/61 [00:02<?, ?it/s]
Traceback (most recent call last):
  File "/Users/shreyas/Desktop/UoU/Independent-Study/Airflow-rate-prediction/src/main_nested.py", line 435, in <module>
    run_full_evaluation_pipeline(
  File "/Users/shreyas/Desktop/UoU/Independent-Study/Airflow-rate-prediction/src/main_nested.py", line 241, in run_full_evaluation_pipeline
    extracted_dict_dev = feature_engineering.extract_aggregate_features(
  File "/Users/shreyas/Desktop/UoU/Independent-Study/Airflow-rate-prediction/src/feature_engineering.py", line 285, in extract_aggregate_features
    extracted_features = calculate_hotspot_features(
  File "/Users/shreyas/Desktop/UoU/Independent-Study/Airflow-rate-prediction/src/feature_engineering.py", line 123, in calculate_hotspot_features
    median_frame = np.median(frames, axis=2)
  File "/opt/anaconda3/envs/is_env/lib/python3.9/site-packages/numpy/lib/_function_base_impl.py", line 3876, in median
    return _ureduce(a, func=_median, keepdims=keepdims, axis=axis, out=out,
  File "/opt/anaconda3/envs/is_env/lib/python3.9/site-packages/numpy/lib/_function_base_impl.py", line 3764, in _ureduce
    r = func(a, **kwargs)
  File "/opt/anaconda3/envs/is_env/lib/python3.9/site-packages/numpy/lib/_function_base_impl.py", line 3909, in _median
    part = partition(a, kth, axis=axis)
  File "/opt/anaconda3/envs/is_env/lib/python3.9/site-packages/numpy/_core/fromnumeric.py", line 820, in partition
    a.partition(kth, axis=axis, kind=kind, order=order)
KeyboardInterrupt
